Copyright 1986-2018 Xilinx, Inc. All Rights Reserved.
----------------------------------------------------------------------------------------------------
| Tool Version : Vivado v.2018.3 (lin64) Build 2405991 Thu Dec  6 23:36:41 MST 2018
| Date         : Thu Mar 16 00:05:00 2023
| Host         : patrick-Blade running 64-bit Ubuntu 22.04.2 LTS
| Command      : report_control_sets -verbose -file ALUPeripheralController_control_sets_placed.rpt
| Design       : ALUPeripheralController
| Device       : xc7a35t
----------------------------------------------------------------------------------------------------

Control Set Information

Table of Contents
-----------------
1. Summary
2. Histogram
3. Flip-Flop Distribution
4. Detailed Control Set Information

1. Summary
----------

+----------------------------------------------------------+-------+
|                          Status                          | Count |
+----------------------------------------------------------+-------+
| Number of unique control sets                            |     2 |
| Unused register locations in slices containing registers |     8 |
+----------------------------------------------------------+-------+


2. Histogram
------------

+--------+--------------+
| Fanout | Control Sets |
+--------+--------------+
|      4 |            1 |
|    16+ |            1 |
+--------+--------------+


3. Flip-Flop Distribution
-------------------------

+--------------+-----------------------+------------------------+-----------------+--------------+
| Clock Enable | Synchronous Set/Reset | Asynchronous Set/Reset | Total Registers | Total Slices |
+--------------+-----------------------+------------------------+-----------------+--------------+
| No           | No                    | No                     |              24 |            9 |
| No           | No                    | Yes                    |               0 |            0 |
| No           | Yes                   | No                     |               0 |            0 |
| Yes          | No                    | No                     |               0 |            0 |
| Yes          | No                    | Yes                    |               0 |            0 |
| Yes          | Yes                   | No                     |               0 |            0 |
+--------------+-----------------------+------------------------+-----------------+--------------+


4. Detailed Control Set Information
-----------------------------------

+----------------------------------+---------------+------------------+------------------+----------------+
|           Clock Signal           | Enable Signal | Set/Reset Signal | Slice Load Count | Bel Load Count |
+----------------------------------+---------------+------------------+------------------+----------------+
|  individualNumber_reg[3]_i_2_n_0 |               |                  |                4 |              4 |
|  clock_IBUF_BUFG                 |               |                  |                5 |             20 |
+----------------------------------+---------------+------------------+------------------+----------------+


